<?xml version="1.0" encoding="UTF-8"?>
<!-- Generated by org.testng.reporters.JUnitReportReporter -->
<testsuite hostname="CHE7-L22966" failures="0" tests="4" name="parallelScripts.sampleThreeTest" time="0.018" errors="0" timestamp="2023-06-12T09:44:03 IST" skipped="0">
  <testcase classname="parallelScripts.sampleThreeTest" name="sampleTestThree" time="0.002"/>
  <system-out/>
  <testcase classname="parallelScripts.sampleThreeTest" name="sampleTestTen" time="0.001"/>
  <system-out/>
  <testcase classname="parallelScripts.sampleThreeTest" name="sampleTestFour" time="0.013"/>
  <system-out/>
  <testcase classname="parallelScripts.sampleThreeTest" name="sampleTestNine" time="0.002"/>
  <system-out/>
</testsuite> <!-- parallelScripts.sampleThreeTest -->
