<?xml version="1.0" encoding="UTF-8"?>
<!-- Generated by org.testng.reporters.JUnitReportReporter -->
<testsuite hostname="CHE7-L22966" failures="0" tests="1" name="testNGPackage.testNGClass_Four" time="0.002" errors="0" timestamp="2023-06-09T16:37:02 IST" skipped="0">
  <testcase classname="testNGPackage.testNGClass_Four" name="bucumSearchTest" time="0.002"/>
  <system-out/>
</testsuite> <!-- testNGPackage.testNGClass_Four -->
