<?xml version="1.0" encoding="UTF-8"?>
<!-- Generated by org.testng.reporters.JUnitReportReporter -->
<testsuite hostname="CHE7-L22966" failures="0" tests="1" name="parallelScripts.LoginPageTest" time="11.548" errors="0" timestamp="2023-06-12T10:27:00 IST" skipped="0">
  <testcase classname="parallelScripts.LoginPageTest" name="validLogin" time="11.548"/>
  <system-out/>
</testsuite> <!-- parallelScripts.LoginPageTest -->
