<?xml version="1.0" encoding="UTF-8"?>
<!-- Generated by org.testng.reporters.JUnitReportReporter -->
<testsuite hostname="CHE7-L22966" failures="0" tests="1" name="headlessbrowser.headlessbrowserslir" time="6.447" errors="0" timestamp="2023-07-19T13:28:17 IST" skipped="0">
  <testcase classname="headlessbrowser.headlessbrowserslir" name="verifyTitle" time="6.447"/>
  <system-out/>
</testsuite> <!-- headlessbrowser.headlessbrowserslir -->
