<?xml version="1.0" encoding="UTF-8"?>
<!-- Generated by org.testng.reporters.JUnitReportReporter -->
<testsuite hostname="CHE7-L22966" failures="0" tests="1" name="parallelScripts.properties_LoginPageTest" time="11.915" errors="0" timestamp="2023-06-12T10:57:14 IST" skipped="0">
  <testcase classname="parallelScripts.properties_LoginPageTest" name="validLogin" time="11.915"/>
  <system-out/>
</testsuite> <!-- parallelScripts.properties_LoginPageTest -->
