<?xml version="1.0" encoding="UTF-8"?>
<!-- Generated by org.testng.reporters.JUnitReportReporter -->
<testsuite hostname="CHE7-L22966" failures="0" tests="1" name="testNGPackage.testNGClass_Three" time="0.009" errors="0" timestamp="2023-06-09T16:37:02 IST" skipped="0">
  <testcase classname="testNGPackage.testNGClass_Three" name="aucumSearchTest" time="0.009"/>
  <system-out/>
</testsuite> <!-- testNGPackage.testNGClass_Three -->
