<?xml version="1.0" encoding="UTF-8"?>
<!-- Generated by org.testng.reporters.JUnitReportReporter -->
<testsuite hostname="CHE7-L22966" failures="0" tests="10" name="parallelScripts.sampleOneTest" time="0.054" errors="0" timestamp="2023-06-12T09:59:21 IST" skipped="0">
  <testcase classname="parallelScripts.sampleOneTest" name="sampleTestFive" time="0.013"/>
  <system-out/>
  <testcase classname="parallelScripts.sampleOneTest" name="sampleTestFour" time="0.002"/>
  <system-out/>
  <testcase classname="parallelScripts.sampleOneTest" name="sampleTestOne" time="0.001"/>
  <system-out/>
  <testcase classname="parallelScripts.sampleOneTest" name="sampleTestTwo" time="0.002"/>
  <system-out/>
  <testcase classname="parallelScripts.sampleOneTest" name="sampleTestFive" time="0.013"/>
  <system-out/>
  <testcase classname="parallelScripts.sampleOneTest" name="sampleTestFive" time="0.003"/>
  <system-out/>
  <testcase classname="parallelScripts.sampleOneTest" name="sampleTestThree" time="0.003"/>
  <system-out/>
  <testcase classname="parallelScripts.sampleOneTest" name="sampleTestFive" time="0.003"/>
  <system-out/>
  <testcase classname="parallelScripts.sampleOneTest" name="sampleTestFive" time="0.013"/>
  <system-out/>
  <testcase classname="parallelScripts.sampleOneTest" name="sampleTestFive" time="0.001"/>
  <system-out/>
</testsuite> <!-- parallelScripts.sampleOneTest -->
