<?xml version="1.0" encoding="UTF-8"?>
<!-- Generated by org.testng.reporters.JUnitReportReporter -->
<testsuite hostname="CHE7-L22966" failures="0" tests="3" name="parallelScripts.dataProvider_getElementsExcel_LoginPageTest" time="28.972" errors="0" timestamp="2023-06-12T14:35:26 IST" skipped="0">
  <testcase classname="parallelScripts.dataProvider_getElementsExcel_LoginPageTest" name="validLogin" time="8.449"/>
  <system-out/>
  <testcase classname="parallelScripts.dataProvider_getElementsExcel_LoginPageTest" name="validLogin" time="8.665"/>
  <system-out/>
  <testcase classname="parallelScripts.dataProvider_getElementsExcel_LoginPageTest" name="validLogin" time="11.858"/>
  <system-out/>
</testsuite> <!-- parallelScripts.dataProvider_getElementsExcel_LoginPageTest -->
