<?xml version="1.0" encoding="UTF-8"?>
<!-- Generated by org.testng.reporters.JUnitReportReporter -->
<testsuite hostname="CHE7-L22966" failures="0" tests="4" name="parallelScripts.sampleTwoTest" time="0.006" errors="0" timestamp="2023-06-12T09:44:03 IST" skipped="0">
  <testcase classname="parallelScripts.sampleTwoTest" name="sampleTestFive" time="0.001"/>
  <system-out/>
  <testcase classname="parallelScripts.sampleTwoTest" name="sampleTestSix" time="0.002"/>
  <system-out/>
  <testcase classname="parallelScripts.sampleTwoTest" name="sampleTestEight" time="0.002"/>
  <system-out/>
  <testcase classname="parallelScripts.sampleTwoTest" name="sampleTestSeven" time="0.001"/>
  <system-out/>
</testsuite> <!-- parallelScripts.sampleTwoTest -->
