<?xml version="1.0" encoding="UTF-8"?>
<!-- Generated by org.testng.reporters.JUnitReportReporter -->
<testsuite hostname="CHE7-L22966" failures="0" tests="1" name="testNGPackage.chromeDevTools_CaseStudy" time="9.840" errors="0" timestamp="2023-06-13T11:39:47 IST" skipped="0">
  <testcase classname="testNGPackage.chromeDevTools_CaseStudy" name="geoTest" time="9.840"/>
  <system-out/>
</testsuite> <!-- testNGPackage.chromeDevTools_CaseStudy -->
